<?xml version="1.0" encoding="UTF-8"?>
<!-- Generated by org.testng.reporters.JUnitReportReporter -->
<testsuite hostname="DESKTOP-7NRUS5E" failures="0" tests="1" name="Basic.OraganizationsTest" time="4.033" errors="0" timestamp="2024-03-15T12:51:58 IST" skipped="0">
  <testcase classname="Basic.OraganizationsTest" name="createOraganizationsTest" time="4.033"/>
</testsuite> <!-- Basic.OraganizationsTest -->
