<?xml version="1.0" encoding="UTF-8"?>
<!-- Generated by org.testng.reporters.JUnitReportReporter -->
<testsuite hostname="DESKTOP-7NRUS5E" failures="0" tests="1" name="Basic.OraganizationsTest" time="19.048" errors="0" timestamp="2024-03-18T17:47:50 IST" skipped="0">
  <testcase classname="Basic.OraganizationsTest" name="OraganizationTest" time="19.048"/>
</testsuite> <!-- Basic.OraganizationsTest -->
