<?xml version="1.0" encoding="UTF-8"?>
<!-- Generated by org.testng.reporters.JUnitReportReporter -->
<testsuite hostname="DESKTOP-7NRUS5E" failures="0" tests="1" name="Basic.ContactsTest" time="6.482" errors="0" timestamp="2024-03-16T13:16:29 IST" skipped="0">
  <testcase classname="Basic.ContactsTest" name="createOraganizationsTest" time="6.482"/>
</testsuite> <!-- Basic.ContactsTest -->
